<?xml version="1.0" encoding="UTF-8"?>
<testng-results ignored="0" total="1" passed="1" failed="0" skipped="0">
  <reporter-output>
  </reporter-output>
  <suite started-at="2022-05-05T15:00:13 IST" name="Default suite" finished-at="2022-05-05T15:00:31 IST" duration-ms="18957">
    <groups>
    </groups>
    <test started-at="2022-05-05T15:00:13 IST" name="Default test" finished-at="2022-05-05T15:00:31 IST" duration-ms="18957">
      <class name="testcases.TestCases">
        <test-method signature="rediff()[pri:0, instance:testcases.TestCases@e15b7e8]" started-at="2022-05-05T15:00:13 IST" name="rediff" finished-at="2022-05-05T15:00:31 IST" duration-ms="18855" status="PASS">
          <reporter-output>
          </reporter-output>
        </test-method> <!-- rediff -->
      </class> <!-- testcases.TestCases -->
    </test> <!-- Default test -->
  </suite> <!-- Default suite -->
</testng-results>
